<?xml version="1.0" encoding="UTF-8"?>
<testsuite xmlns:xsi="http://www.w3.org/2001/XMLSchema-instance" xsi:noNamespaceSchemaLocation="https://maven.apache.org/surefire/maven-surefire-plugin/xsd/surefire-test-report.xsd" name="org.cap.bankapp.test.BankAppTest" time="0.572" tests="6" errors="0" skipped="1" failures="0">
  <properties>
[...]
</properties>
  <testcase name="test_loop" classname="org.cap.bankapp.test.BankAppTest" time="0">
    <skipped message="public void org.cap.bankapp.test.BankAppTest.test_loop() is @Disabled"/>
  </testcase>
  <testcase name="test_deposit_method" classname="org.cap.bankapp.test.BankAppTest" time="0.562"/>
  <testcase name="test_withDrawal_transaction" classname="org.cap.bankapp.test.BankAppTest" time="0.001"/>
  <testcase name="test_createAccount_with_valid_Customer" classname="org.cap.bankapp.test.BankAppTest" time="0.003"/>
  <testcase name="test_invalidBalance_when_createAccount" classname="org.cap.bankapp.test.BankAppTest" time="0.002"/>
  <testcase name="test_createAccount_with_null_customer" classname="org.cap.bankapp.test.BankAppTest" time="0.002"/>
</testsuite>